<?xml version="1.0" encoding="UTF-8"?>
<!-- Generated by org.testng.reporters.JUnitReportReporter -->
<testsuite skipped="0" hostname="26M115260005172" name="tests.Tests" tests="2" failures="0" timestamp="2021-08-17T15:06:42 SGT" time="3.951" errors="0">
  <testcase name="testOne" time="3.946" classname="tests.Tests"/>
  <system-out/>
  <testcase name="sampleTest" time="0.005" classname="tests.Tests"/>
  <system-out/>
</testsuite> <!-- tests.Tests -->
