<?xml version="1.0" encoding="UTF-8"?>
<!-- Generated by org.testng.reporters.JUnitReportReporter -->
<testsuite hostname="DESKTOP-9P7IBPT" failures="0" tests="12" name="todolist.ToDoList" time="181.934" errors="0" timestamp="2021-08-20T00:18:42 MYT" skipped="0">
  <testcase classname="todolist.ToDoList" name="tc10" time="35.316"/>
  <system-out/>
  <testcase classname="todolist.ToDoList" name="tc3" time="8.011"/>
  <system-out/>
  <testcase classname="todolist.ToDoList" name="tc1" time="5.201"/>
  <system-out/>
  <testcase classname="todolist.ToDoList" name="tc11" time="16.324"/>
  <system-out/>
  <testcase classname="todolist.ToDoList" name="tc12" time="12.188"/>
  <system-out/>
  <testcase classname="todolist.ToDoList" name="tc2" time="6.616"/>
  <system-out/>
  <testcase classname="todolist.ToDoList" name="tc7" time="5.755"/>
  <system-out/>
  <testcase classname="todolist.ToDoList" name="tc6" time="19.414"/>
  <system-out/>
  <testcase classname="todolist.ToDoList" name="tc8" time="32.497"/>
  <system-out/>
  <testcase classname="todolist.ToDoList" name="tc9" time="14.916"/>
  <system-out/>
  <testcase classname="todolist.ToDoList" name="tc4" time="12.161"/>
  <system-out/>
  <testcase classname="todolist.ToDoList" name="tc5" time="13.535"/>
  <system-out/>
</testsuite> <!-- todolist.ToDoList -->
