<?xml version="1.0" encoding="UTF-8"?>
<!-- Generated by org.testng.reporters.JUnitReportReporter -->
<testsuite skipped="0" hostname="26M115260005172" name="tests.BaseClass" tests="1" failures="0" timestamp="2021-08-17T14:35:50 SGT" time="0.007" errors="0">
  <testcase name="sampleTest" time="0.007" classname="tests.BaseClass"/>
  <system-out/>
</testsuite> <!-- tests.BaseClass -->
